2015-03-23 14:31:47,132 - E:\workspace\MonitorSystem\ShareMethod\views.py - views.py - [line:28] - ERROR - (1064, "You have an error in your SQL syntax; check the manual that corresponds to your MySQL server version for the right syntax to use near '.34.60,port='3306',db_name='smgp_server_new',server_name='smgp_60',status=1 wher' at line 1")²Ù×÷ÈË£º½ùÑÇÁÕ
2015-03-23 14:33:59,053 - E:\workspace\MonitorSystem\ShareMethod\views.py - views.py - [line:28] - ERROR - (1064, "You have an error in your SQL syntax; check the manual that corresponds to your MySQL server version for the right syntax to use near '' at line 1")²Ù×÷ÈË£º½ùÑÇÁÕ
2015-03-23 14:36:46,934 - E:\workspace\MonitorSystem\ShareMethod\views.py - views.py - [line:28] - ERROR - (1064, "You have an error in your SQL syntax; check the manual that corresponds to your MySQL server version for the right syntax to use near '' at line 1")²Ù×÷ÈË£º½ùÑÇÁÕ
2015-03-23 15:09:05,119 - E:\workspace\MonitorSystem\ShareMethod\views.py - views.py - [line:28] - ERROR - (1054, "Unknown column 'user_id' in 'field list'")²Ù×÷ÈË£º½ùÑÇÁÕ
2015-03-23 15:23:18,224 - E:\workspace\MonitorSystem\ShareMethod\views.py - views.py - [line:28] - ERROR - (1054, "Unknown column 'user_id' in 'field list'")²Ù×÷ÈË£º½ùÑÇÁÕ
2015-03-25 13:45:42,315 - E:\workspace\MonitorSystem\ShareMethod\views.py - views.py - [line:28] - ERROR - (1054, "Unknown column '1update_time' in 'field list'")²Ù×÷ÈË£º½ùÑÇÁÕ
2015-04-01 09:56:59,639 - E:\workspace\MonitorSystem\ShareMethod\views.py - views.py - [line:28] - ERROR - (1054, "Unknown column 'agent' in 'field list'")²Ù×÷ÈË£º½ùÑÇÁÕ
2015-04-24 11:21:09,266 - E:\workspace\MonitorSystem\ShareMethod\views.py - views.py - [line:28] - ERROR - (1136, "Column count doesn't match value count at row 1")²Ù×÷ÈË£º½ùÑÇÁÕ
2016-04-18 19:02:06,528 - /hskj/web/apache/htdocs/MonitorSystem/ShareMethod/views.py - views.py - [line:28] - ERROR - (1064, "You have an error in your SQL syntax; check the manual that corresponds to your MySQL server version for the right syntax to use near 't match the regular expression! 1.6 charge failed... 1.7 Yw configuration errors' at line 1")æ“ä½œäººï¼šé™ˆé’äº‘
2016-04-18 19:02:14,418 - /hskj/web/apache/htdocs/MonitorSystem/ShareMethod/views.py - views.py - [line:28] - ERROR - (1064, "You have an error in your SQL syntax; check the manual that corresponds to your MySQL server version for the right syntax to use near 't match the regular expression! 1.6 charge failed... 1.7 Yw configuration errors' at line 1")æ“ä½œäººï¼šé™ˆé’äº‘
2016-04-18 19:02:33,790 - /hskj/web/apache/htdocs/MonitorSystem/ShareMethod/views.py - views.py - [line:28] - ERROR - (1064, "You have an error in your SQL syntax; check the manual that corresponds to your MySQL server version for the right syntax to use near 't match the regular expression! 1.6 charge failed... 1.7 Yw configuration errors' at line 1")æ“ä½œäººï¼šé™ˆé’äº‘
2016-04-18 19:02:52,208 - /hskj/web/apache/htdocs/MonitorSystem/ShareMethod/views.py - views.py - [line:28] - ERROR - (1064, "You have an error in your SQL syntax; check the manual that corresponds to your MySQL server version for the right syntax to use near 't match the regular expression! 1.6 charge failed... 1.7 Yw configuration errors' at line 1")æ“ä½œäººï¼šé™ˆé’äº‘
2016-06-13 15:17:09,081 - /hskj/web/apache/htdocs/MonitorSystem/ShareMethod/views.py - views.py - [line:28] - ERROR - (1062, "Duplicate entry 'cmpp20.gateParameter-111.13.124.226:8855' for key 'parameter_key'")opï¼šæœªä¸½å
2016-06-13 15:18:14,504 - /hskj/web/apache/htdocs/MonitorSystem/ShareMethod/views.py - views.py - [line:28] - ERROR - (1062, "Duplicate entry 'cmpp20.gateParameter-111.13.124.226:8855' for key 'parameter_key'")opï¼šæœªä¸½å
2016-06-13 15:38:19,315 - /hskj/web/apache/htdocs/MonitorSystem/ShareMethod/views.py - views.py - [line:28] - ERROR - (1062, "Duplicate entry 'cmpp20.gateParameter-172.17.140.50:8855' for key 'parameter_key'")opï¼šæœªä¸½å
2016-06-13 15:59:08,655 - /hskj/web/apache/htdocs/MonitorSystem/ShareMethod/views.py - views.py - [line:28] - ERROR - (1364, "Field 'user_pwd' doesn't have a default value")æ“ä½œäººï¼šé™ˆé’äº‘
2016-06-13 16:04:31,193 - /hskj/web/apache/htdocs/MonitorSystem/ShareMethod/views.py - views.py - [line:28] - ERROR - (1364, "Field 'user_pwd' doesn't have a default value")æ“ä½œäººï¼šé™ˆé’äº‘
2016-06-13 16:06:49,012 - /hskj/web/apache/htdocs/MonitorSystem/ShareMethod/views.py - views.py - [line:28] - ERROR - (1364, "Field 'user_pwd' doesn't have a default value")æ“ä½œäººï¼šé™ˆé’äº‘
2016-06-13 16:24:47,321 - /hskj/web/apache/htdocs/MonitorSystem/ShareMethod/views.py - views.py - [line:28] - ERROR - (1364, "Field 'user_pwd' doesn't have a default value")æ“ä½œäººï¼šå´äº‘
2016-06-13 16:28:34,143 - /hskj/web/apache/htdocs/MonitorSystem/ShareMethod/views.py - views.py - [line:28] - ERROR - (1364, "Field 'user_pwd' doesn't have a default value")æ“ä½œäººï¼šå´äº‘
2016-08-01 23:47:13,851 - /hskj/web/apache/htdocs/MonitorSystem/ShareMethod/views.py - views.py - [line:28] - ERROR - (1064, "You have an error in your SQL syntax; check the manual that corresponds to your MySQL server version for the right syntax to use near '$NF>100ä¿®æ”¹æˆ'$NF>10001',note_taker='è©¹ç‘æ‰' where sn=1079281' at line 1")æ“ä½œäººï¼šè©¹ç‘æ‰
